<?xml version="1.0" encoding="UTF-8"?>
<testsuite xmlns:xsi="http://www.w3.org/2001/XMLSchema-instance" xsi:noNamespaceSchemaLocation="https://maven.apache.org/surefire/maven-surefire-plugin/xsd/surefire-test-report-3.0.xsd" version="3.0" name="com.example.service.FlightServiceTest" time="0.044" tests="5" errors="0" skipped="0" failures="0">
  <properties>
[...]
</properties>
  <testcase name="testSuccessfulBooking" classname="com.example.service.FlightServiceTest" time="0.017"/>
  <testcase name="testBookingFailsForInvalidSeatCount" classname="com.example.service.FlightServiceTest" time="0.002"/>
  <testcase name="testSearchFlightsReturnsCorrectResults" classname="com.example.service.FlightServiceTest" time="0.002"/>
  <testcase name="testBookingFailsWhenSeatsExceedAvailability" classname="com.example.service.FlightServiceTest" time="0.001">
    <system-out><![CDATA[Not enough seats available!
]]></system-out>
  </testcase>
  <testcase name="testSearchReturnsEmptyListWhenNoFlightsFound" classname="com.example.service.FlightServiceTest" time="0.002"/>
</testsuite>